<?xml version="1.0" encoding="UTF-8"?>
<testsuite name="distribufile.util.HostTest" tests="2" skipped="0" failures="0" errors="0" timestamp="2021-09-08T22:54:22" hostname="Matthews-MacBook-Pro.local" time="0.156">
  <properties/>
  <testcase name="testGetHostHostname()" classname="distribufile.util.HostTest" time="0.154"/>
  <testcase name="testGetHostIpAddress()" classname="distribufile.util.HostTest" time="0.001"/>
  <system-out><![CDATA[Matthews-MacBook-Pro.local
127.0.0.1
]]></system-out>
  <system-err><![CDATA[]]></system-err>
</testsuite>
