<?xml version="1.0" encoding="UTF-8"?>
<testsuite name="distribufile.messaging.HeartbeatMajorTest" tests="1" skipped="0" failures="0" errors="0" timestamp="2021-09-08T20:10:44" hostname="Matthews-MacBook-Pro.local" time="0.002">
  <properties/>
  <testcase name="testMarshalToUnmarshal()" classname="distribufile.messaging.HeartbeatMajorTest" time="0.002"/>
  <system-out><![CDATA[]]></system-out>
  <system-err><![CDATA[]]></system-err>
</testsuite>
