<?xml version="1.0" encoding="UTF-8"?>
<testsuite name="distribufile.util.CLITest" tests="4" skipped="0" failures="0" errors="0" timestamp="2021-09-08T22:54:22" hostname="Matthews-MacBook-Pro.local" time="0.064">
  <properties/>
  <testcase name="testGetHostAndPortNoArgs()" classname="distribufile.util.CLITest" time="0.057"/>
  <testcase name="testGetHostAndPort()" classname="distribufile.util.CLITest" time="0.001"/>
  <testcase name="testGetServerPort()" classname="distribufile.util.CLITest" time="0.001"/>
  <testcase name="testGetServerPortNoArgs()" classname="distribufile.util.CLITest" time="0.003"/>
  <system-out><![CDATA[Host and Port set to default. "localhost" 9001
Run with command line inputs to change host and port:
 -h hostname 
 -p port number
Host and Port set to default. "localhost" 9001
Run with command line inputs to change host and port:
 -h hostname 
 -p port number
Port set to default. "9001"
Run with command line inputs to change port: 
 -p port number
]]></system-out>
  <system-err><![CDATA[]]></system-err>
</testsuite>
