<?xml version="1.0" encoding="UTF-8"?>
<testsuite name="distribufile.messaging.MessageFactoryTest" tests="2" skipped="0" failures="0" errors="0" timestamp="2021-09-08T20:10:44" hostname="Matthews-MacBook-Pro.local" time="0.024">
  <properties/>
  <testcase name="testCreateMessage()" classname="distribufile.messaging.MessageFactoryTest" time="0.022"/>
  <testcase name="testGetInstance()" classname="distribufile.messaging.MessageFactoryTest" time="0.001"/>
  <system-out><![CDATA[]]></system-out>
  <system-err><![CDATA[]]></system-err>
</testsuite>
