<?xml version="1.0" encoding="UTF-8"?>
<testsuite name="distribufile.client.FileLoaderTest" tests="7" skipped="0" failures="0" errors="0" timestamp="2021-09-08T22:54:22" hostname="Matthews-MacBook-Pro.local" time="0.008">
  <properties/>
  <testcase name="testConstructorExistentFile()" classname="distribufile.client.FileLoaderTest" time="0.001"/>
  <testcase name="testReadChunk680KBfile()" classname="distribufile.client.FileLoaderTest" time="0.001"/>
  <testcase name="testConstructorFileNotExists()" classname="distribufile.client.FileLoaderTest" time="0.001"/>
  <testcase name="testReadChunkEmptyFile()" classname="distribufile.client.FileLoaderTest" time="0.001"/>
  <testcase name="testReadChunk35KBfile()" classname="distribufile.client.FileLoaderTest" time="0.001"/>
  <testcase name="testReadChunk64KBfile()" classname="distribufile.client.FileLoaderTest" time="0.001"/>
  <testcase name="testReadChunk100KBfile()" classname="distribufile.client.FileLoaderTest" time="0.001"/>
  <system-out><![CDATA[]]></system-out>
  <system-err><![CDATA[]]></system-err>
</testsuite>
