<?xml version="1.0" encoding="UTF-8"?>
<testsuite name="distribufile.networking.ServerTest" tests="3" skipped="0" failures="0" errors="0" timestamp="2021-09-08T20:10:44" hostname="Matthews-MacBook-Pro.local" time="0.012">
  <properties/>
  <testcase name="testArgConstructor()" classname="distribufile.networking.ServerTest" time="0.01"/>
  <testcase name="testRun()" classname="distribufile.networking.ServerTest" time="0.0"/>
  <testcase name="testDefaultConstructor()" classname="distribufile.networking.ServerTest" time="0.0"/>
  <system-out><![CDATA[]]></system-out>
  <system-err><![CDATA[]]></system-err>
</testsuite>
