<?xml version="1.0" encoding="UTF-8"?>
<testsuite name="distribufile.messaging.HeartbeatMinorTest" tests="4" skipped="0" failures="0" errors="0" timestamp="2021-09-08T22:54:22" hostname="Matthews-MacBook-Pro.local" time="0.004">
  <properties/>
  <testcase name="testMarshalToUnmarshal()" classname="distribufile.messaging.HeartbeatMinorTest" time="0.001"/>
  <testcase name="testGetType()" classname="distribufile.messaging.HeartbeatMinorTest" time="0.001"/>
  <testcase name="testMarshalByteLength()" classname="distribufile.messaging.HeartbeatMinorTest" time="0.0"/>
  <testcase name="testTypeAllArgsConstructor()" classname="distribufile.messaging.HeartbeatMinorTest" time="0.001"/>
  <system-out><![CDATA[]]></system-out>
  <system-err><![CDATA[]]></system-err>
</testsuite>
